........................................F..........................F.... [ 23%]
...F.................................................................... [ 46%]
........................................................................ [ 69%]
........................................................................ [ 92%]
........................                                                 [100%]
=================================== FAILURES ===================================
________________________ test_t2_huge_pagination_split _________________________

mock_rpc = ('http://127.0.0.1:52980', 52980)

    @pytest.mark.asyncio
    async def test_t2_huge_pagination_split(mock_rpc) -> None:
        rpc_url, _ = mock_rpc
        pool_data = {
            "address": "0x0000000000000000000000000000000000000001",
            "factory": "0x33128a8fC17869897dcE68Ed026d694621f6FDfD",
            "token0": "0xcbb7c0000ab88b473b1f5afd9ef808440eed33bf",
            "token1": "0x833589fCD6eDb6E08f4c7C32D4f71b54bda02913",
            "fee": 500,
            "sqrtPriceX96": 2**96,
            "tick": 0,
            "liquidity": 1000,
        }
        async with aiohttp.ClientSession() as session:
            await session.post(f"{rpc_url}/control/pool", json=pool_data)
            # Block difference of 1500 blocks (starts at current_block - 20 by default
            # unless last_block is set)
            await session.post(f"{rpc_url}/control/block", json={"block_number": 2500})
    
        transport = BaseOnchainTransport(rpc_url, ["cbBTC-USDC"], poll_interval=100.0)
        transport._last_blocks["cbBTC-USDC"] = 1000
        await transport.connect()
        try:
            for _ in range(100):
                if transport._last_blocks.get("cbBTC-USDC", 0) >= 2500:
                    break
                await asyncio.sleep(0.05)
        finally:
            await transport.close()
    
        async with aiohttp.ClientSession() as session:
            async with session.get(f"{rpc_url}/control/history") as resp:
                history = (await resp.json())["history"]
    
        get_logs_calls = [
            r
            for r in history
            if r["method"] == "eth_getLogs"
            and "0x0000000000000000000000000000000000000001" in str(r.get("params", []))
        ]
>       assert len(get_logs_calls) == 4  # 1500 blocks divided by 500 size (plus 5 overlap) -> 4 calls
        ^^^^^^^^^^^^^^^^^^^^^^^^^^^^^^^
E       AssertionError: assert 5 == 4
E        +  where 5 = len([{'method': 'eth_getLogs', 'params': [{'address': ['0x0000000000000000000000000000000000000001'], 'fromBlock': '0x9c0'...ock': '0x9c0', 'toBlock': '0x9c4', 'topics': ['0xc42079f94a6350d7e6235f29174924f9287a20ac8e91c97b870daEE5297F6e85']}]}])

tests/e2e/test_tier2_boundaries.py:161: AssertionError
------------------------------ Captured log call -------------------------------
WARNING  stockodile.exchanges.base_onchain.connector:connector.py:624 RPC call failed: {'code': -32603, 'message': 'Execution error: Unknown selector 0xd0c93a7c on contract 0x0000000000000000000000000000000000000001'}. Retrying in 0.8894s... (Attempt 1/5)
WARNING  stockodile.exchanges.base_onchain.connector:connector.py:624 RPC call failed: {'code': -32603, 'message': 'Execution error: Unknown selector 0xd0c93a7c on contract 0x0000000000000000000000000000000000000001'}. Retrying in 0.8357s... (Attempt 1/5)
WARNING  stockodile.exchanges.base_onchain.connector:connector.py:624 RPC call failed: {'code': -32603, 'message': 'Execution error: Unknown selector 0xd0c93a7c on contract 0x0000000000000000000000000000000000000001'}. Retrying in 1.3793s... (Attempt 2/5)
WARNING  stockodile.exchanges.base_onchain.connector:connector.py:624 RPC call failed: {'code': -32603, 'message': 'Execution error: Unknown selector 0xd0c93a7c on contract 0x0000000000000000000000000000000000000001'}. Retrying in 1.2614s... (Attempt 2/5)
WARNING  stockodile.exchanges.base_onchain.connector:connector.py:624 RPC call failed: {'code': -32603, 'message': 'Execution error: Unknown selector 0xd0c93a7c on contract 0x0000000000000000000000000000000000000001'}. Retrying in 2.5673s... (Attempt 3/5)
WARNING  stockodile.exchanges.base_onchain.connector:connector.py:624 RPC call failed: {'code': -32603, 'message': 'Execution error: Unknown selector 0xd0c93a7c on contract 0x0000000000000000000000000000000000000001'}. Retrying in 3.8668s... (Attempt 3/5)
WARNING  stockodile.exchanges.base_onchain.connector:connector.py:624 RPC call failed: {'code': -32603, 'message': 'Execution error: Unknown selector 0xd0c93a7c on contract 0x0000000000000000000000000000000000000001'}. Retrying in 4.6915s... (Attempt 4/5)
______________________ test_t3_custom_symbol_plus_retries ______________________

mock_rpc = ('http://127.0.0.1:54800', 54800)

    @pytest.mark.asyncio
    async def test_t3_custom_symbol_plus_retries(mock_rpc) -> None:
        rpc_url, _ = mock_rpc
        from stockodile.exchanges.base_onchain import connector
    
        connector.POOL_SPECS["CUSTOM_RETRY-USDC"] = {
            "type": "uniswap_v3",
            "token0": "cbBTC",
            "token1": "USDC",
            "fee": 500,
            "decimals0": 8,
            "decimals1": 6,
        }
        pool_data = {
            "address": "0x0000000000000000000000000000000000000010",
            "factory": "0x33128a8fC17869897dcE68Ed026d694621f6FDfD",
            "token0": "0xcbb7c0000ab88b473b1f5afd9ef808440eed33bf",
            "token1": "0x833589fCD6eDb6E08f4c7C32D4f71b54bda02913",
            "fee": 500,
            "sqrtPriceX96": 2**96,
            "tick": 0,
            "liquidity": 1000,
        }
        async with aiohttp.ClientSession() as session:
            await session.post(f"{rpc_url}/control/pool", json=pool_data)
            # Timeout error count = 1
            await session.post(
                f"{rpc_url}/control/behavior", json={"status_code": 500, "error_count": 1}
            )
    
        transport = BaseOnchainTransport(rpc_url, ["CUSTOM_RETRY-USDC"], poll_interval=0.1)
        await transport.connect()
        try:
            async for msg_bytes in transport:
                msg = json.loads(msg_bytes.decode())
>               assert msg["pool"] == "CUSTOM_RETRY-USDC"
E               AssertionError: assert 'CUSTOM_MCP-USDC' == 'CUSTOM_RETRY-USDC'
E                 
E                 - CUSTOM_RETRY-USDC
E                 ?        ^^^^^
E                 + CUSTOM_MCP-USDC
E                 ?        ^^^

tests/e2e/test_tier3_combinations.py:92: AssertionError
------------------------------ Captured log call -------------------------------
WARNING  stockodile.exchanges.base_onchain.connector:connector.py:624 RPC call failed: {'code': -32603, 'message': 'Execution error: Unknown selector 0xd0c93a7c on contract 0x0000000000000000000000000000000000000010'}. Retrying in 0.0001s... (Attempt 1/5)
WARNING  stockodile.exchanges.base_onchain.connector:connector.py:624 RPC call failed: {'code': -32603, 'message': 'Execution error: Unknown selector 0xd0c93a7c on contract 0x0000000000000000000000000000000000000010'}. Retrying in 0.0001s... (Attempt 1/5)
WARNING  stockodile.exchanges.base_onchain.connector:connector.py:624 RPC call failed: {'code': -32603, 'message': 'Execution error: Unknown selector 0xd0c93a7c on contract 0x0000000000000000000000000000000000000010'}. Retrying in 0.0002s... (Attempt 2/5)
WARNING  stockodile.exchanges.base_onchain.connector:connector.py:624 RPC call failed: {'code': -32603, 'message': 'Execution error: Unknown selector 0xd0c93a7c on contract 0x0000000000000000000000000000000000000010'}. Retrying in 0.0002s... (Attempt 2/5)
WARNING  stockodile.exchanges.base_onchain.connector:connector.py:624 RPC call failed: {'code': -32603, 'message': 'Execution error: Unknown selector 0xd0c93a7c on contract 0x0000000000000000000000000000000000000010'}. Retrying in 0.0003s... (Attempt 3/5)
WARNING  stockodile.exchanges.base_onchain.connector:connector.py:624 RPC call failed: {'code': -32603, 'message': 'Execution error: Unknown selector 0xd0c93a7c on contract 0x0000000000000000000000000000000000000010'}. Retrying in 0.0003s... (Attempt 3/5)
WARNING  stockodile.exchanges.base_onchain.connector:connector.py:624 RPC call failed: {'code': -32603, 'message': 'Execution error: Unknown selector 0xd0c93a7c on contract 0x0000000000000000000000000000000000000010'}. Retrying in 0.0007s... (Attempt 4/5)
WARNING  stockodile.exchanges.base_onchain.connector:connector.py:624 RPC call failed: {'code': -32603, 'message': 'Execution error: Unknown selector 0xd0c93a7c on contract 0x0000000000000000000000000000000000000010'}. Retrying in 0.0005s... (Attempt 4/5)
ERROR    stockodile.exchanges.base_onchain.connector:connector.py:620 RPC call failed after 5 attempts: {'code': -32603, 'message': 'Execution error: Unknown selector 0xd0c93a7c on contract 0x0000000000000000000000000000000000000010'}
WARNING  stockodile.exchanges.base_onchain.connector:connector.py:985 base_onchain: Failed to fetch tickSpacing dynamically: {'code': -32603, 'message': 'Execution error: Unknown selector 0xd0c93a7c on contract 0x0000000000000000000000000000000000000010'}. Deriving from fee tier.
ERROR    stockodile.exchanges.base_onchain.connector:connector.py:620 RPC call failed after 5 attempts: {'code': -32603, 'message': 'Execution error: Unknown selector 0xd0c93a7c on contract 0x0000000000000000000000000000000000000010'}
WARNING  stockodile.exchanges.base_onchain.connector:connector.py:985 base_onchain: Failed to fetch tickSpacing dynamically: {'code': -32603, 'message': 'Execution error: Unknown selector 0xd0c93a7c on contract 0x0000000000000000000000000000000000000010'}. Deriving from fee tier.
___________________ test_t4_showcase_script_offline_dry_run ____________________

mock_rpc = ('http://127.0.0.1:55169', 55169)

    @pytest.mark.asyncio
    async def test_t4_showcase_script_offline_dry_run(mock_rpc) -> None:
        rpc_url, _ = mock_rpc
    
        pool_data = {
            "address": "0x0000000000000000000000000000000000000001",
            "factory": "0x33128a8fC17869897dcE68Ed026d694621f6FDfD",
            "token0": "0xcbb7c0000ab88b473b1f5afd9ef808440eed33bf",
            "token1": "0x833589fCD6eDb6E08f4c7C32D4f71b54bda02913",
            "fee": 500,
            "sqrtPriceX96": 2**96,
            "tick": 0,
            "liquidity": 1000,
        }
    
        async with aiohttp.ClientSession() as session:
            await session.post(f"{rpc_url}/control/pool", json=pool_data)
    
        env = os.environ.copy()
        env["BASE_RPC_URL"] = rpc_url
        env["PYTHONPATH"] = os.path.abspath("src")  # noqa: ASYNC240
    
        import sys
        proc = await asyncio.create_subprocess_exec(
            sys.executable,
            "examples/collect_base_onchain.py",
            "--dry-run",
            env=env,
            stdout=subprocess.PIPE,
            stderr=subprocess.PIPE,
        )
    
        stdout, stderr = await proc.communicate()
        if proc.returncode != 0 or not (b"cbBTC-USDC" in stdout or b"AERO-USDC" in stdout):
            print("SHOWCASE STDOUT:", stdout.decode())
            print("SHOWCASE STDERR:", stderr.decode())
>       assert proc.returncode == 0
E       assert 2 == 0
E        +  where 2 = <Process 38868>.returncode

tests/e2e/test_tier4_real_world.py:377: AssertionError
----------------------------- Captured stdout call -----------------------------
SHOWCASE STDOUT: 
SHOWCASE STDERR: /opt/homebrew/anaconda3/bin/python3: can't open file '/Users/nazmi/Desktop/Stockodile/examples/collect_base_onchain.py': [Errno 2] No such file or directory

=============================== warnings summary ===============================
../../../../opt/homebrew/anaconda3/lib/python3.13/site-packages/websockets/legacy/__init__.py:6
  /opt/homebrew/anaconda3/lib/python3.13/site-packages/websockets/legacy/__init__.py:6: DeprecationWarning: websockets.legacy is deprecated; see https://websockets.readthedocs.io/en/stable/howto/upgrade.html for upgrade instructions
    warnings.warn(  # deprecated in 14.0 - 2024-11-09

tests/e2e/test_tier1_features.py: 18 warnings
tests/e2e/test_tier2_boundaries.py: 12 warnings
tests/e2e/test_tier3_combinations.py: 3 warnings
  /opt/homebrew/anaconda3/lib/python3.13/site-packages/aiohttp/connector.py:963: DeprecationWarning: enable_cleanup_closed ignored because https://github.com/python/cpython/pull/118960 is fixed in Python version sys.version_info(major=3, minor=13, micro=9, releaselevel='final', serial=0)
    super().__init__(

-- Docs: https://docs.pytest.org/en/stable/how-to/capture-warnings.html
=========================== short test summary info ============================
FAILED tests/e2e/test_tier2_boundaries.py::test_t2_huge_pagination_split - As...
FAILED tests/e2e/test_tier3_combinations.py::test_t3_custom_symbol_plus_retries
FAILED tests/e2e/test_tier4_real_world.py::test_t4_showcase_script_offline_dry_run
