........................................F............................... [ 23%]
...F.................................................................... [ 46%]
....................................................................+++++++++++++++++++++++++++++++++++ Timeout ++++++++++++++++++++++++++++++++++++
~~~~~~~~~~~~~~~~~~~~~~~~~~~~~~~ Captured stdout ~~~~~~~~~~~~~~~~~~~~~~~~~~~~~~~~

--- Running Stockodile Live Proof Test ---
Step 1: Instantiating YahooClient and fetching live data for AAPL (2026-06-01 to 2026-06-05)...
~~~~~~~~~~~~~~~~~~~~~~ Stack of asyncio_0 (481483124736) ~~~~~~~~~~~~~~~~~~~~~~~
  File "/opt/homebrew/anaconda3/lib/python3.13/threading.py", line 1014, in _bootstrap
    self._bootstrap_inner()
  File "/opt/homebrew/anaconda3/lib/python3.13/threading.py", line 1043, in _bootstrap_inner
    self.run()
  File "/opt/homebrew/anaconda3/lib/python3.13/threading.py", line 994, in run
    self._target(*self._args, **self._kwargs)
  File "/opt/homebrew/anaconda3/lib/python3.13/concurrent/futures/thread.py", line 90, in _worker
    work_item = work_queue.get(block=True)
~~~~~~~~~~~~~~~ Stack of ThreadPoolExecutor-34_4 (481705472000) ~~~~~~~~~~~~~~~~
  File "/opt/homebrew/anaconda3/lib/python3.13/threading.py", line 1014, in _bootstrap
    self._bootstrap_inner()
  File "/opt/homebrew/anaconda3/lib/python3.13/threading.py", line 1043, in _bootstrap_inner
    self.run()
  File "/opt/homebrew/anaconda3/lib/python3.13/threading.py", line 994, in run
    self._target(*self._args, **self._kwargs)
  File "/opt/homebrew/anaconda3/lib/python3.13/concurrent/futures/thread.py", line 90, in _worker
    work_item = work_queue.get(block=True)
~~~~~~~~~~~~~~~ Stack of ThreadPoolExecutor-34_3 (481688645632) ~~~~~~~~~~~~~~~~
  File "/opt/homebrew/anaconda3/lib/python3.13/threading.py", line 1014, in _bootstrap
    self._bootstrap_inner()
  File "/opt/homebrew/anaconda3/lib/python3.13/threading.py", line 1043, in _bootstrap_inner
    self.run()
  File "/opt/homebrew/anaconda3/lib/python3.13/threading.py", line 994, in run
    self._target(*self._args, **self._kwargs)
  File "/opt/homebrew/anaconda3/lib/python3.13/concurrent/futures/thread.py", line 90, in _worker
    work_item = work_queue.get(block=True)
~~~~~~~~~~~~~~~ Stack of ThreadPoolExecutor-34_2 (481671819264) ~~~~~~~~~~~~~~~~
  File "/opt/homebrew/anaconda3/lib/python3.13/threading.py", line 1014, in _bootstrap
    self._bootstrap_inner()
  File "/opt/homebrew/anaconda3/lib/python3.13/threading.py", line 1043, in _bootstrap_inner
    self.run()
  File "/opt/homebrew/anaconda3/lib/python3.13/threading.py", line 994, in run
    self._target(*self._args, **self._kwargs)
  File "/opt/homebrew/anaconda3/lib/python3.13/concurrent/futures/thread.py", line 90, in _worker
    work_item = work_queue.get(block=True)
~~~~~~~~~~~~~~~ Stack of ThreadPoolExecutor-34_1 (481654992896) ~~~~~~~~~~~~~~~~
  File "/opt/homebrew/anaconda3/lib/python3.13/threading.py", line 1014, in _bootstrap
    self._bootstrap_inner()
  File "/opt/homebrew/anaconda3/lib/python3.13/threading.py", line 1043, in _bootstrap_inner
    self.run()
  File "/opt/homebrew/anaconda3/lib/python3.13/threading.py", line 994, in run
    self._target(*self._args, **self._kwargs)
  File "/opt/homebrew/anaconda3/lib/python3.13/concurrent/futures/thread.py", line 90, in _worker
    work_item = work_queue.get(block=True)
~~~~~~~~~~~~~~~ Stack of ThreadPoolExecutor-34_0 (481554034688) ~~~~~~~~~~~~~~~~
  File "/opt/homebrew/anaconda3/lib/python3.13/threading.py", line 1014, in _bootstrap
    self._bootstrap_inner()
  File "/opt/homebrew/anaconda3/lib/python3.13/threading.py", line 1043, in _bootstrap_inner
    self.run()
  File "/opt/homebrew/anaconda3/lib/python3.13/threading.py", line 994, in run
    self._target(*self._args, **self._kwargs)
  File "/opt/homebrew/anaconda3/lib/python3.13/concurrent/futures/thread.py", line 90, in _worker
    work_item = work_queue.get(block=True)
~~~~~~~~~~~~~~~ Stack of ThreadPoolExecutor-30_4 (481187753984) ~~~~~~~~~~~~~~~~
  File "/opt/homebrew/anaconda3/lib/python3.13/threading.py", line 1014, in _bootstrap
    self._bootstrap_inner()
  File "/opt/homebrew/anaconda3/lib/python3.13/threading.py", line 1043, in _bootstrap_inner
    self.run()
  File "/opt/homebrew/anaconda3/lib/python3.13/threading.py", line 994, in run
    self._target(*self._args, **self._kwargs)
  File "/opt/homebrew/anaconda3/lib/python3.13/concurrent/futures/thread.py", line 90, in _worker
    work_item = work_queue.get(block=True)
~~~~~~~~~~~~~~~ Stack of ThreadPoolExecutor-30_3 (481170927616) ~~~~~~~~~~~~~~~~
  File "/opt/homebrew/anaconda3/lib/python3.13/threading.py", line 1014, in _bootstrap
    self._bootstrap_inner()
  File "/opt/homebrew/anaconda3/lib/python3.13/threading.py", line 1043, in _bootstrap_inner
    self.run()
  File "/opt/homebrew/anaconda3/lib/python3.13/threading.py", line 994, in run
    self._target(*self._args, **self._kwargs)
  File "/opt/homebrew/anaconda3/lib/python3.13/concurrent/futures/thread.py", line 90, in _worker
    work_item = work_queue.get(block=True)
~~~~~~~~~~~~~~~ Stack of ThreadPoolExecutor-30_2 (481154101248) ~~~~~~~~~~~~~~~~
  File "/opt/homebrew/anaconda3/lib/python3.13/threading.py", line 1014, in _bootstrap
    self._bootstrap_inner()
  File "/opt/homebrew/anaconda3/lib/python3.13/threading.py", line 1043, in _bootstrap_inner
    self.run()
  File "/opt/homebrew/anaconda3/lib/python3.13/threading.py", line 994, in run
    self._target(*self._args, **self._kwargs)
  File "/opt/homebrew/anaconda3/lib/python3.13/concurrent/futures/thread.py", line 90, in _worker
    work_item = work_queue.get(block=True)
~~~~~~~~~~~~~~~ Stack of ThreadPoolExecutor-30_1 (481137274880) ~~~~~~~~~~~~~~~~
  File "/opt/homebrew/anaconda3/lib/python3.13/threading.py", line 1014, in _bootstrap
    self._bootstrap_inner()
  File "/opt/homebrew/anaconda3/lib/python3.13/threading.py", line 1043, in _bootstrap_inner
    self.run()
  File "/opt/homebrew/anaconda3/lib/python3.13/threading.py", line 994, in run
    self._target(*self._args, **self._kwargs)
  File "/opt/homebrew/anaconda3/lib/python3.13/concurrent/futures/thread.py", line 90, in _worker
    work_item = work_queue.get(block=True)
~~~~~~~~~~~~~~~ Stack of ThreadPoolExecutor-30_0 (482159783936) ~~~~~~~~~~~~~~~~
  File "/opt/homebrew/anaconda3/lib/python3.13/threading.py", line 1014, in _bootstrap
    self._bootstrap_inner()
  File "/opt/homebrew/anaconda3/lib/python3.13/threading.py", line 1043, in _bootstrap_inner
    self.run()
  File "/opt/homebrew/anaconda3/lib/python3.13/threading.py", line 994, in run
    self._target(*self._args, **self._kwargs)
  File "/opt/homebrew/anaconda3/lib/python3.13/concurrent/futures/thread.py", line 90, in _worker
    work_item = work_queue.get(block=True)
~~~~~~~~~~~~~~~ Stack of ThreadPoolExecutor-29_4 (482142957568) ~~~~~~~~~~~~~~~~
  File "/opt/homebrew/anaconda3/lib/python3.13/threading.py", line 1014, in _bootstrap
    self._bootstrap_inner()
  File "/opt/homebrew/anaconda3/lib/python3.13/threading.py", line 1043, in _bootstrap_inner
    self.run()
  File "/opt/homebrew/anaconda3/lib/python3.13/threading.py", line 994, in run
    self._target(*self._args, **self._kwargs)
  File "/opt/homebrew/anaconda3/lib/python3.13/concurrent/futures/thread.py", line 90, in _worker
    work_item = work_queue.get(block=True)
~~~~~~~~~~~~~~~ Stack of ThreadPoolExecutor-29_3 (482126131200) ~~~~~~~~~~~~~~~~
  File "/opt/homebrew/anaconda3/lib/python3.13/threading.py", line 1014, in _bootstrap
    self._bootstrap_inner()
  File "/opt/homebrew/anaconda3/lib/python3.13/threading.py", line 1043, in _bootstrap_inner
    self.run()
  File "/opt/homebrew/anaconda3/lib/python3.13/threading.py", line 994, in run
    self._target(*self._args, **self._kwargs)
  File "/opt/homebrew/anaconda3/lib/python3.13/concurrent/futures/thread.py", line 90, in _worker
    work_item = work_queue.get(block=True)
~~~~~~~~~~~~~~~ Stack of ThreadPoolExecutor-29_2 (482109304832) ~~~~~~~~~~~~~~~~
  File "/opt/homebrew/anaconda3/lib/python3.13/threading.py", line 1014, in _bootstrap
    self._bootstrap_inner()
  File "/opt/homebrew/anaconda3/lib/python3.13/threading.py", line 1043, in _bootstrap_inner
    self.run()
  File "/opt/homebrew/anaconda3/lib/python3.13/threading.py", line 994, in run
    self._target(*self._args, **self._kwargs)
  File "/opt/homebrew/anaconda3/lib/python3.13/concurrent/futures/thread.py", line 90, in _worker
    work_item = work_queue.get(block=True)
~~~~~~~~~~~~~~~ Stack of ThreadPoolExecutor-29_1 (482092478464) ~~~~~~~~~~~~~~~~
  File "/opt/homebrew/anaconda3/lib/python3.13/threading.py", line 1014, in _bootstrap
    self._bootstrap_inner()
  File "/opt/homebrew/anaconda3/lib/python3.13/threading.py", line 1043, in _bootstrap_inner
    self.run()
  File "/opt/homebrew/anaconda3/lib/python3.13/threading.py", line 994, in run
    self._target(*self._args, **self._kwargs)
  File "/opt/homebrew/anaconda3/lib/python3.13/concurrent/futures/thread.py", line 90, in _worker
    work_item = work_queue.get(block=True)
~~~~~~~~~~~~~~~ Stack of ThreadPoolExecutor-29_0 (482075652096) ~~~~~~~~~~~~~~~~
  File "/opt/homebrew/anaconda3/lib/python3.13/threading.py", line 1014, in _bootstrap
    self._bootstrap_inner()
  File "/opt/homebrew/anaconda3/lib/python3.13/threading.py", line 1043, in _bootstrap_inner
    self.run()
  File "/opt/homebrew/anaconda3/lib/python3.13/threading.py", line 994, in run
    self._target(*self._args, **self._kwargs)
  File "/opt/homebrew/anaconda3/lib/python3.13/concurrent/futures/thread.py", line 90, in _worker
    work_item = work_queue.get(block=True)
~~~~~~~~~~~~~~~ Stack of ThreadPoolExecutor-27_4 (482041999360) ~~~~~~~~~~~~~~~~
  File "/opt/homebrew/anaconda3/lib/python3.13/threading.py", line 1014, in _bootstrap
    self._bootstrap_inner()
  File "/opt/homebrew/anaconda3/lib/python3.13/threading.py", line 1043, in _bootstrap_inner
    self.run()
  File "/opt/homebrew/anaconda3/lib/python3.13/threading.py", line 994, in run
    self._target(*self._args, **self._kwargs)
  File "/opt/homebrew/anaconda3/lib/python3.13/concurrent/futures/thread.py", line 90, in _worker
    work_item = work_queue.get(block=True)
~~~~~~~~~~~~~~~ Stack of ThreadPoolExecutor-27_3 (482025172992) ~~~~~~~~~~~~~~~~
  File "/opt/homebrew/anaconda3/lib/python3.13/threading.py", line 1014, in _bootstrap
    self._bootstrap_inner()
  File "/opt/homebrew/anaconda3/lib/python3.13/threading.py", line 1043, in _bootstrap_inner
    self.run()
  File "/opt/homebrew/anaconda3/lib/python3.13/threading.py", line 994, in run
    self._target(*self._args, **self._kwargs)
  File "/opt/homebrew/anaconda3/lib/python3.13/concurrent/futures/thread.py", line 90, in _worker
    work_item = work_queue.get(block=True)
~~~~~~~~~~~~~~~ Stack of ThreadPoolExecutor-27_2 (482008346624) ~~~~~~~~~~~~~~~~
  File "/opt/homebrew/anaconda3/lib/python3.13/threading.py", line 1014, in _bootstrap
    self._bootstrap_inner()
  File "/opt/homebrew/anaconda3/lib/python3.13/threading.py", line 1043, in _bootstrap_inner
    self.run()
  File "/opt/homebrew/anaconda3/lib/python3.13/threading.py", line 994, in run
    self._target(*self._args, **self._kwargs)
  File "/opt/homebrew/anaconda3/lib/python3.13/concurrent/futures/thread.py", line 90, in _worker
    work_item = work_queue.get(block=True)
~~~~~~~~~~~~~~~ Stack of ThreadPoolExecutor-27_1 (481991520256) ~~~~~~~~~~~~~~~~
  File "/opt/homebrew/anaconda3/lib/python3.13/threading.py", line 1014, in _bootstrap
    self._bootstrap_inner()
  File "/opt/homebrew/anaconda3/lib/python3.13/threading.py", line 1043, in _bootstrap_inner
    self.run()
  File "/opt/homebrew/anaconda3/lib/python3.13/threading.py", line 994, in run
    self._target(*self._args, **self._kwargs)
  File "/opt/homebrew/anaconda3/lib/python3.13/concurrent/futures/thread.py", line 90, in _worker
    work_item = work_queue.get(block=True)
~~~~~~~~~~~~~~~ Stack of ThreadPoolExecutor-27_0 (481974693888) ~~~~~~~~~~~~~~~~
  File "/opt/homebrew/anaconda3/lib/python3.13/threading.py", line 1014, in _bootstrap
    self._bootstrap_inner()
  File "/opt/homebrew/anaconda3/lib/python3.13/threading.py", line 1043, in _bootstrap_inner
    self.run()
  File "/opt/homebrew/anaconda3/lib/python3.13/threading.py", line 994, in run
    self._target(*self._args, **self._kwargs)
  File "/opt/homebrew/anaconda3/lib/python3.13/concurrent/futures/thread.py", line 90, in _worker
    work_item = work_queue.get(block=True)
~~~~~~~~~~~~~~~ Stack of ThreadPoolExecutor-25_4 (481873735680) ~~~~~~~~~~~~~~~~
  File "/opt/homebrew/anaconda3/lib/python3.13/threading.py", line 1014, in _bootstrap
    self._bootstrap_inner()
  File "/opt/homebrew/anaconda3/lib/python3.13/threading.py", line 1043, in _bootstrap_inner
    self.run()
  File "/opt/homebrew/anaconda3/lib/python3.13/threading.py", line 994, in run
    self._target(*self._args, **self._kwargs)
  File "/opt/homebrew/anaconda3/lib/python3.13/concurrent/futures/thread.py", line 90, in _worker
    work_item = work_queue.get(block=True)
~~~~~~~~~~~~~~~ Stack of ThreadPoolExecutor-25_3 (481806430208) ~~~~~~~~~~~~~~~~
  File "/opt/homebrew/anaconda3/lib/python3.13/threading.py", line 1014, in _bootstrap
    self._bootstrap_inner()
  File "/opt/homebrew/anaconda3/lib/python3.13/threading.py", line 1043, in _bootstrap_inner
    self.run()
  File "/opt/homebrew/anaconda3/lib/python3.13/threading.py", line 994, in run
    self._target(*self._args, **self._kwargs)
  File "/opt/homebrew/anaconda3/lib/python3.13/concurrent/futures/thread.py", line 90, in _worker
    work_item = work_queue.get(block=True)
~~~~~~~~~~~~~~~ Stack of ThreadPoolExecutor-25_2 (481789603840) ~~~~~~~~~~~~~~~~
  File "/opt/homebrew/anaconda3/lib/python3.13/threading.py", line 1014, in _bootstrap
    self._bootstrap_inner()
  File "/opt/homebrew/anaconda3/lib/python3.13/threading.py", line 1043, in _bootstrap_inner
    self.run()
  File "/opt/homebrew/anaconda3/lib/python3.13/threading.py", line 994, in run
    self._target(*self._args, **self._kwargs)
  File "/opt/homebrew/anaconda3/lib/python3.13/concurrent/futures/thread.py", line 90, in _worker
    work_item = work_queue.get(block=True)
~~~~~~~~~~~~~~~ Stack of ThreadPoolExecutor-25_1 (481739124736) ~~~~~~~~~~~~~~~~
  File "/opt/homebrew/anaconda3/lib/python3.13/threading.py", line 1014, in _bootstrap
    self._bootstrap_inner()
  File "/opt/homebrew/anaconda3/lib/python3.13/threading.py", line 1043, in _bootstrap_inner
    self.run()
  File "/opt/homebrew/anaconda3/lib/python3.13/threading.py", line 994, in run
    self._target(*self._args, **self._kwargs)
  File "/opt/homebrew/anaconda3/lib/python3.13/concurrent/futures/thread.py", line 90, in _worker
    work_item = work_queue.get(block=True)
~~~~~~~~~~~~~~~ Stack of ThreadPoolExecutor-25_0 (481772777472) ~~~~~~~~~~~~~~~~
  File "/opt/homebrew/anaconda3/lib/python3.13/threading.py", line 1014, in _bootstrap
    self._bootstrap_inner()
  File "/opt/homebrew/anaconda3/lib/python3.13/threading.py", line 1043, in _bootstrap_inner
    self.run()
  File "/opt/homebrew/anaconda3/lib/python3.13/threading.py", line 994, in run
    self._target(*self._args, **self._kwargs)
  File "/opt/homebrew/anaconda3/lib/python3.13/concurrent/futures/thread.py", line 90, in _worker
    work_item = work_queue.get(block=True)
~~~~~~~~~~~~~~~ Stack of ThreadPoolExecutor-15_2 (481120448512) ~~~~~~~~~~~~~~~~
  File "/opt/homebrew/anaconda3/lib/python3.13/threading.py", line 1014, in _bootstrap
    self._bootstrap_inner()
  File "/opt/homebrew/anaconda3/lib/python3.13/threading.py", line 1043, in _bootstrap_inner
    self.run()
  File "/opt/homebrew/anaconda3/lib/python3.13/threading.py", line 994, in run
    self._target(*self._args, **self._kwargs)
  File "/opt/homebrew/anaconda3/lib/python3.13/concurrent/futures/thread.py", line 90, in _worker
    work_item = work_queue.get(block=True)
~~~~~~~~~~~~~~~ Stack of ThreadPoolExecutor-15_1 (481103622144) ~~~~~~~~~~~~~~~~
  File "/opt/homebrew/anaconda3/lib/python3.13/threading.py", line 1014, in _bootstrap
    self._bootstrap_inner()
  File "/opt/homebrew/anaconda3/lib/python3.13/threading.py", line 1043, in _bootstrap_inner
    self.run()
  File "/opt/homebrew/anaconda3/lib/python3.13/threading.py", line 994, in run
    self._target(*self._args, **self._kwargs)
  File "/opt/homebrew/anaconda3/lib/python3.13/concurrent/futures/thread.py", line 90, in _worker
    work_item = work_queue.get(block=True)
~~~~~~~~~~~~~~~ Stack of ThreadPoolExecutor-15_0 (481755951104) ~~~~~~~~~~~~~~~~
  File "/opt/homebrew/anaconda3/lib/python3.13/threading.py", line 1014, in _bootstrap
    self._bootstrap_inner()
  File "/opt/homebrew/anaconda3/lib/python3.13/threading.py", line 1043, in _bootstrap_inner
    self.run()
  File "/opt/homebrew/anaconda3/lib/python3.13/threading.py", line 994, in run
    self._target(*self._args, **self._kwargs)
  File "/opt/homebrew/anaconda3/lib/python3.13/concurrent/futures/thread.py", line 90, in _worker
    work_item = work_queue.get(block=True)
~~~~~~~~~~~~~~~ Stack of ThreadPoolExecutor-14_2 (481856909312) ~~~~~~~~~~~~~~~~
  File "/opt/homebrew/anaconda3/lib/python3.13/threading.py", line 1014, in _bootstrap
    self._bootstrap_inner()
  File "/opt/homebrew/anaconda3/lib/python3.13/threading.py", line 1043, in _bootstrap_inner
    self.run()
  File "/opt/homebrew/anaconda3/lib/python3.13/threading.py", line 994, in run
    self._target(*self._args, **self._kwargs)
  File "/opt/homebrew/anaconda3/lib/python3.13/concurrent/futures/thread.py", line 90, in _worker
    work_item = work_queue.get(block=True)
~~~~~~~~~~~~~~~ Stack of ThreadPoolExecutor-14_1 (481840082944) ~~~~~~~~~~~~~~~~
  File "/opt/homebrew/anaconda3/lib/python3.13/threading.py", line 1014, in _bootstrap
    self._bootstrap_inner()
  File "/opt/homebrew/anaconda3/lib/python3.13/threading.py", line 1043, in _bootstrap_inner
    self.run()
  File "/opt/homebrew/anaconda3/lib/python3.13/threading.py", line 994, in run
    self._target(*self._args, **self._kwargs)
  File "/opt/homebrew/anaconda3/lib/python3.13/concurrent/futures/thread.py", line 90, in _worker
    work_item = work_queue.get(block=True)
~~~~~~~~~~~~~~~ Stack of ThreadPoolExecutor-14_0 (481823256576) ~~~~~~~~~~~~~~~~
  File "/opt/homebrew/anaconda3/lib/python3.13/threading.py", line 1014, in _bootstrap
    self._bootstrap_inner()
  File "/opt/homebrew/anaconda3/lib/python3.13/threading.py", line 1043, in _bootstrap_inner
    self.run()
  File "/opt/homebrew/anaconda3/lib/python3.13/threading.py", line 994, in run
    self._target(*self._args, **self._kwargs)
  File "/opt/homebrew/anaconda3/lib/python3.13/concurrent/futures/thread.py", line 90, in _worker
    work_item = work_queue.get(block=True)
~~~~~~~~~~~~~~~~ Stack of ThreadPoolExecutor-6_1 (481221406720) ~~~~~~~~~~~~~~~~
  File "/opt/homebrew/anaconda3/lib/python3.13/threading.py", line 1014, in _bootstrap
    self._bootstrap_inner()
  File "/opt/homebrew/anaconda3/lib/python3.13/threading.py", line 1043, in _bootstrap_inner
    self.run()
  File "/opt/homebrew/anaconda3/lib/python3.13/threading.py", line 994, in run
    self._target(*self._args, **self._kwargs)
  File "/opt/homebrew/anaconda3/lib/python3.13/concurrent/futures/thread.py", line 90, in _worker
    work_item = work_queue.get(block=True)
~~~~~~~~~~~~~~~~ Stack of ThreadPoolExecutor-6_0 (481204580352) ~~~~~~~~~~~~~~~~
  File "/opt/homebrew/anaconda3/lib/python3.13/threading.py", line 1014, in _bootstrap
    self._bootstrap_inner()
  File "/opt/homebrew/anaconda3/lib/python3.13/threading.py", line 1043, in _bootstrap_inner
    self.run()
  File "/opt/homebrew/anaconda3/lib/python3.13/threading.py", line 994, in run
    self._target(*self._args, **self._kwargs)
  File "/opt/homebrew/anaconda3/lib/python3.13/concurrent/futures/thread.py", line 90, in _worker
    work_item = work_queue.get(block=True)
~~~~~~~~~~~~~~~~ Stack of ThreadPoolExecutor-0_0 (481086795776) ~~~~~~~~~~~~~~~~
  File "/opt/homebrew/anaconda3/lib/python3.13/threading.py", line 1014, in _bootstrap
    self._bootstrap_inner()
  File "/opt/homebrew/anaconda3/lib/python3.13/threading.py", line 1043, in _bootstrap_inner
    self.run()
  File "/opt/homebrew/anaconda3/lib/python3.13/threading.py", line 994, in run
    self._target(*self._args, **self._kwargs)
  File "/opt/homebrew/anaconda3/lib/python3.13/concurrent/futures/thread.py", line 90, in _worker
    work_item = work_queue.get(block=True)
~~~~~~~~~~ Stack of Thread-3 (_run_safe_shutdown_loop) (481069969408) ~~~~~~~~~~
  File "/opt/homebrew/anaconda3/lib/python3.13/threading.py", line 1014, in _bootstrap
    self._bootstrap_inner()
  File "/opt/homebrew/anaconda3/lib/python3.13/threading.py", line 1043, in _bootstrap_inner
    self.run()
  File "/opt/homebrew/anaconda3/lib/python3.13/threading.py", line 994, in run
    self._target(*self._args, **self._kwargs)
  File "/opt/homebrew/anaconda3/lib/python3.13/site-packages/pycares/__init__.py", line 348, in _run_safe_shutdown_loop
    channel = self._queue.get()
~~~~~~~~~~~~~~~~~~~~~~~ Stack of MainThread (8292296704) ~~~~~~~~~~~~~~~~~~~~~~~
  File "<frozen runpy>", line 198, in _run_module_as_main
  File "<frozen runpy>", line 88, in _run_code
  File "/opt/homebrew/anaconda3/lib/python3.13/site-packages/pytest/__main__.py", line 9, in <module>
    raise SystemExit(pytest.console_main())
  File "/opt/homebrew/anaconda3/lib/python3.13/site-packages/_pytest/config/__init__.py", line 223, in console_main
    code = main()
  File "/opt/homebrew/anaconda3/lib/python3.13/site-packages/_pytest/config/__init__.py", line 199, in main
    ret: ExitCode | int = config.hook.pytest_cmdline_main(config=config)
  File "/opt/homebrew/anaconda3/lib/python3.13/site-packages/pluggy/_hooks.py", line 513, in __call__
    return self._hookexec(self.name, self._hookimpls.copy(), kwargs, firstresult)
  File "/opt/homebrew/anaconda3/lib/python3.13/site-packages/pluggy/_manager.py", line 120, in _hookexec
    return self._inner_hookexec(hook_name, methods, kwargs, firstresult)
  File "/opt/homebrew/anaconda3/lib/python3.13/site-packages/pluggy/_callers.py", line 103, in _multicall
    res = hook_impl.function(*args)
  File "/opt/homebrew/anaconda3/lib/python3.13/site-packages/_pytest/main.py", line 365, in pytest_cmdline_main
    return wrap_session(config, _main)
  File "/opt/homebrew/anaconda3/lib/python3.13/site-packages/_pytest/main.py", line 318, in wrap_session
    session.exitstatus = doit(config, session) or 0
  File "/opt/homebrew/anaconda3/lib/python3.13/site-packages/_pytest/main.py", line 372, in _main
    config.hook.pytest_runtestloop(session=session)
  File "/opt/homebrew/anaconda3/lib/python3.13/site-packages/pluggy/_hooks.py", line 513, in __call__
    return self._hookexec(self.name, self._hookimpls.copy(), kwargs, firstresult)
  File "/opt/homebrew/anaconda3/lib/python3.13/site-packages/pluggy/_manager.py", line 120, in _hookexec
    return self._inner_hookexec(hook_name, methods, kwargs, firstresult)
  File "/opt/homebrew/anaconda3/lib/python3.13/site-packages/pluggy/_callers.py", line 103, in _multicall
    res = hook_impl.function(*args)
  File "/opt/homebrew/anaconda3/lib/python3.13/site-packages/_pytest/main.py", line 396, in pytest_runtestloop
    item.config.hook.pytest_runtest_protocol(item=item, nextitem=nextitem)
  File "/opt/homebrew/anaconda3/lib/python3.13/site-packages/pluggy/_hooks.py", line 513, in __call__
    return self._hookexec(self.name, self._hookimpls.copy(), kwargs, firstresult)
  File "/opt/homebrew/anaconda3/lib/python3.13/site-packages/pluggy/_manager.py", line 120, in _hookexec
    return self._inner_hookexec(hook_name, methods, kwargs, firstresult)
  File "/opt/homebrew/anaconda3/lib/python3.13/site-packages/pluggy/_callers.py", line 103, in _multicall
    res = hook_impl.function(*args)
  File "/opt/homebrew/anaconda3/lib/python3.13/site-packages/_pytest/runner.py", line 118, in pytest_runtest_protocol
    runtestprotocol(item, nextitem=nextitem)
  File "/opt/homebrew/anaconda3/lib/python3.13/site-packages/_pytest/runner.py", line 137, in runtestprotocol
    reports.append(call_and_report(item, "call", log))
  File "/opt/homebrew/anaconda3/lib/python3.13/site-packages/_pytest/runner.py", line 244, in call_and_report
    call = CallInfo.from_call(
  File "/opt/homebrew/anaconda3/lib/python3.13/site-packages/_pytest/runner.py", line 353, in from_call
    result: TResult | None = func()
  File "/opt/homebrew/anaconda3/lib/python3.13/site-packages/_pytest/runner.py", line 245, in <lambda>
    lambda: runtest_hook(item=item, **kwds),
  File "/opt/homebrew/anaconda3/lib/python3.13/site-packages/pluggy/_hooks.py", line 513, in __call__
    return self._hookexec(self.name, self._hookimpls.copy(), kwargs, firstresult)
  File "/opt/homebrew/anaconda3/lib/python3.13/site-packages/pluggy/_manager.py", line 120, in _hookexec
    return self._inner_hookexec(hook_name, methods, kwargs, firstresult)
  File "/opt/homebrew/anaconda3/lib/python3.13/site-packages/pluggy/_callers.py", line 103, in _multicall
    res = hook_impl.function(*args)
  File "/opt/homebrew/anaconda3/lib/python3.13/site-packages/_pytest/runner.py", line 179, in pytest_runtest_call
    item.runtest()
  File "/opt/homebrew/anaconda3/lib/python3.13/site-packages/pytest_asyncio/plugin.py", line 569, in runtest
    super().runtest()
  File "/opt/homebrew/anaconda3/lib/python3.13/site-packages/_pytest/python.py", line 1720, in runtest
    self.ihook.pytest_pyfunc_call(pyfuncitem=self)
  File "/opt/homebrew/anaconda3/lib/python3.13/site-packages/pluggy/_hooks.py", line 513, in __call__
    return self._hookexec(self.name, self._hookimpls.copy(), kwargs, firstresult)
  File "/opt/homebrew/anaconda3/lib/python3.13/site-packages/pluggy/_manager.py", line 120, in _hookexec
    return self._inner_hookexec(hook_name, methods, kwargs, firstresult)
  File "/opt/homebrew/anaconda3/lib/python3.13/site-packages/pluggy/_callers.py", line 103, in _multicall
    res = hook_impl.function(*args)
  File "/opt/homebrew/anaconda3/lib/python3.13/site-packages/_pytest/python.py", line 166, in pytest_pyfunc_call
    result = testfunction(**testargs)
  File "/opt/homebrew/anaconda3/lib/python3.13/site-packages/pytest_asyncio/plugin.py", line 905, in inner
    runner.run(coro, context=context)
  File "/opt/homebrew/anaconda3/lib/python3.13/asyncio/runners.py", line 118, in run
    return self._loop.run_until_complete(task)
  File "/opt/homebrew/anaconda3/lib/python3.13/asyncio/base_events.py", line 712, in run_until_complete
    self.run_forever()
  File "/opt/homebrew/anaconda3/lib/python3.13/asyncio/base_events.py", line 683, in run_forever
    self._run_once()
  File "/opt/homebrew/anaconda3/lib/python3.13/asyncio/base_events.py", line 2012, in _run_once
    event_list = self._selector.select(timeout)
  File "/opt/homebrew/anaconda3/lib/python3.13/selectors.py", line 548, in select
    kev_list = self._selector.control(None, max_ev, timeout)
+++++++++++++++++++++++++++++++++++ Timeout ++++++++++++++++++++++++++++++++++++
